{"C:\\Users\\yeiso\\Workspace\\Dev\\Learning\\Udemy\\React Gif Expert App\\src\\components\\GifItem.jsx": {"path":"C:\\Users\\yeiso\\Workspace\\Dev\\Learning\\Udemy\\React Gif Expert App\\src\\components\\GifItem.jsx","statementMap":{"0":{"start":{"line":3,"column":23},"end":{"line":11,"column":1}},"1":{"start":{"line":5,"column":2},"end":{"line":10,"column":3}}},"fnMap":{"0":{"name":"(anonymous_0)","decl":{"start":{"line":3,"column":23},"end":{"line":3,"column":24}},"loc":{"start":{"line":3,"column":47},"end":{"line":11,"column":1}},"line":3}},"branchMap":{},"s":{"0":1,"1":3},"f":{"0":3},"b":{},"_coverageSchema":"1a1c01bbd47fc00a2c39e90264f33305004495a9","hash":"bc85d6241b49117beec24b037d250d1143c51dbe"}
}
